[debug] [2025-09-16T12:05:24.732Z] ----------------------------------------------------------------------
[debug] [2025-09-16T12:05:24.736Z] Command:       C:\Program Files\nodejs\node.exe C:\Users\gabri\.npm-global\node_modules\firebase-tools\lib\bin\firebase.js init hosting
[debug] [2025-09-16T12:05:24.737Z] CLI Version:   14.16.0
[debug] [2025-09-16T12:05:24.737Z] Platform:      win32
[debug] [2025-09-16T12:05:24.737Z] Node Version:  v20.11.1
[debug] [2025-09-16T12:05:24.738Z] Time:          Tue Sep 16 2025 09:05:24 GMT-0300 (Horário Padrão de Brasília)
[debug] [2025-09-16T12:05:24.738Z] ----------------------------------------------------------------------
[debug] 
[debug] [2025-09-16T12:05:24.747Z] > command requires scopes: ["email","openid","https://www.googleapis.com/auth/cloudplatformprojects.readonly","https://www.googleapis.com/auth/firebase","https://www.googleapis.com/auth/cloud-platform"]
[debug] [2025-09-16T12:05:24.748Z] > authorizing via signed-in user (gabrielft33@gmail.com)
[info] 
     ######## #### ########  ######## ########     ###     ######  ########
     ##        ##  ##     ## ##       ##     ##  ##   ##  ##       ##
     ######    ##  ########  ######   ########  #########  ######  ######
     ##        ##  ##    ##  ##       ##     ## ##     ##       ## ##
     ##       #### ##     ## ######## ########  ##     ##  ######  ########

You're about to initialize a Firebase project in this directory:

  C:\Users\gabri\OneDrive\Documentos\projeto web\asset-list-app

[info] 
=== Project Setup
[info] 
[info] First, let's associate this project directory with a Firebase project.
[info] You can create multiple project aliases by running firebase use --add, 
[info] but for now we'll just set up a default project.
[info] 
[debug] [2025-09-16T12:05:32.464Z] Checked if tokens are valid: false, expires at: 1721272648702
[debug] [2025-09-16T12:05:32.465Z] Checked if tokens are valid: false, expires at: 1721272648702
[debug] [2025-09-16T12:05:32.465Z] > refreshing access token with scopes: []
[debug] [2025-09-16T12:05:32.472Z] >>> [apiv2][query] POST https://www.googleapis.com/oauth2/v3/token [none]
[debug] [2025-09-16T12:05:32.472Z] >>> [apiv2][body] POST https://www.googleapis.com/oauth2/v3/token [omitted]
[debug] [2025-09-16T12:05:32.728Z] <<< [apiv2][status] POST https://www.googleapis.com/oauth2/v3/token 400
[debug] [2025-09-16T12:05:32.728Z] <<< [apiv2][body] POST https://www.googleapis.com/oauth2/v3/token [omitted]
[debug] [2025-09-16T12:05:32.729Z] >>> [apiv2][query] GET https://firebase.googleapis.com/v1beta1/availableProjects pageSize=100
[debug] [2025-09-16T12:05:32.907Z] <<< [apiv2][status] GET https://firebase.googleapis.com/v1beta1/availableProjects 401
[debug] [2025-09-16T12:05:32.908Z] <<< [apiv2][body] GET https://firebase.googleapis.com/v1beta1/availableProjects [omitted]
[debug] [2025-09-16T12:05:32.908Z] Got a 401 Unauthenticated error for a call that required authentication. Refreshing tokens.
[debug] [2025-09-16T12:05:32.908Z] Checked if tokens are valid: false, expires at: 1721272648702
[debug] [2025-09-16T12:05:32.908Z] Checked if tokens are valid: false, expires at: 1721272648702
[debug] [2025-09-16T12:05:32.908Z] > refreshing access token with scopes: []
[debug] [2025-09-16T12:05:32.909Z] >>> [apiv2][query] POST https://www.googleapis.com/oauth2/v3/token [none]
[debug] [2025-09-16T12:05:32.909Z] >>> [apiv2][body] POST https://www.googleapis.com/oauth2/v3/token [omitted]
[debug] [2025-09-16T12:05:32.999Z] <<< [apiv2][status] POST https://www.googleapis.com/oauth2/v3/token 400
[debug] [2025-09-16T12:05:32.999Z] <<< [apiv2][body] POST https://www.googleapis.com/oauth2/v3/token [omitted]
[debug] [2025-09-16T12:05:33.001Z] Request to https://firebase.googleapis.com/v1beta1/availableProjects?pageSize=100 had HTTP Error: 401, Request had invalid authentication credentials. Expected OAuth 2 access token, login cookie or other valid authentication credential. See https://developers.google.com/identity/sign-in/web/devconsole-project.
[debug] [2025-09-16T12:05:33.156Z] FirebaseError: Request to https://firebase.googleapis.com/v1beta1/availableProjects?pageSize=100 had HTTP Error: 401, Request had invalid authentication credentials. Expected OAuth 2 access token, login cookie or other valid authentication credential. See https://developers.google.com/identity/sign-in/web/devconsole-project.
    at responseToError (C:\Users\gabri\.npm-global\node_modules\firebase-tools\lib\responseToError.js:52:12)
    at RetryOperation._fn (C:\Users\gabri\.npm-global\node_modules\firebase-tools\lib\apiv2.js:312:77)
    at process.processTicksAndRejections (node:internal/process/task_queues:95:5)
[error] 
[error] Error: Failed to list available Google Cloud Platform projects. See firebase-debug.log for more info.
[debug] [2025-09-16T12:05:42.161Z] ----------------------------------------------------------------------
[debug] [2025-09-16T12:05:42.165Z] Command:       C:\Program Files\nodejs\node.exe C:\Users\gabri\.npm-global\node_modules\firebase-tools\lib\bin\firebase.js init hosting
[debug] [2025-09-16T12:05:42.166Z] CLI Version:   14.16.0
[debug] [2025-09-16T12:05:42.166Z] Platform:      win32
[debug] [2025-09-16T12:05:42.166Z] Node Version:  v20.11.1
[debug] [2025-09-16T12:05:42.166Z] Time:          Tue Sep 16 2025 09:05:42 GMT-0300 (Horário Padrão de Brasília)
[debug] [2025-09-16T12:05:42.167Z] ----------------------------------------------------------------------
[debug] 
[debug] [2025-09-16T12:05:42.176Z] > command requires scopes: ["email","openid","https://www.googleapis.com/auth/cloudplatformprojects.readonly","https://www.googleapis.com/auth/firebase","https://www.googleapis.com/auth/cloud-platform"]
[debug] [2025-09-16T12:05:42.177Z] > authorizing via signed-in user (gabrielft33@gmail.com)
[info] 
     ######## #### ########  ######## ########     ###     ######  ########
     ##        ##  ##     ## ##       ##     ##  ##   ##  ##       ##
     ######    ##  ########  ######   ########  #########  ######  ######
     ##        ##  ##    ##  ##       ##     ## ##     ##       ## ##
     ##       #### ##     ## ######## ########  ##     ##  ######  ########

You're about to initialize a Firebase project in this directory:

  C:\Users\gabri\OneDrive\Documentos\projeto web\asset-list-app

[info] 
=== Project Setup
[info] 
[info] First, let's associate this project directory with a Firebase project.
[info] You can create multiple project aliases by running firebase use --add, 
[info] but for now we'll just set up a default project.
[info] 
[info] i  If you want to create a project in a Google Cloud organization or folder, please use "firebase projects:create" instead, and return to this command when you've created the project. 
[debug] [2025-09-16T12:05:52.652Z] Checked if tokens are valid: false, expires at: 1721272648702
[debug] [2025-09-16T12:05:52.653Z] Checked if tokens are valid: false, expires at: 1721272648702
[debug] [2025-09-16T12:05:52.653Z] > refreshing access token with scopes: []
[debug] [2025-09-16T12:05:52.659Z] >>> [apiv2][query] POST https://www.googleapis.com/oauth2/v3/token [none]
[debug] [2025-09-16T12:05:52.660Z] >>> [apiv2][body] POST https://www.googleapis.com/oauth2/v3/token [omitted]
[debug] [2025-09-16T12:05:52.904Z] <<< [apiv2][status] POST https://www.googleapis.com/oauth2/v3/token 400
[debug] [2025-09-16T12:05:52.905Z] <<< [apiv2][body] POST https://www.googleapis.com/oauth2/v3/token [omitted]
[debug] [2025-09-16T12:05:52.905Z] >>> [apiv2][query] POST https://firebase.googleapis.com/v1/projects:checkProjectId [none]
[debug] [2025-09-16T12:05:52.906Z] >>> [apiv2][body] POST https://firebase.googleapis.com/v1/projects:checkProjectId {"proposedId":"investingup"}
[debug] [2025-09-16T12:05:53.072Z] <<< [apiv2][status] POST https://firebase.googleapis.com/v1/projects:checkProjectId 401
[debug] [2025-09-16T12:05:53.073Z] <<< [apiv2][body] POST https://firebase.googleapis.com/v1/projects:checkProjectId {"error":{"code":401,"message":"Request had invalid authentication credentials. Expected OAuth 2 access token, login cookie or other valid authentication credential. See https://developers.google.com/identity/sign-in/web/devconsole-project.","status":"UNAUTHENTICATED"}}
[debug] [2025-09-16T12:05:53.073Z] Got a 401 Unauthenticated error for a call that required authentication. Refreshing tokens.
[debug] [2025-09-16T12:05:53.073Z] Checked if tokens are valid: false, expires at: 1721272648702
[debug] [2025-09-16T12:05:53.073Z] Checked if tokens are valid: false, expires at: 1721272648702
[debug] [2025-09-16T12:05:53.073Z] > refreshing access token with scopes: []
[debug] [2025-09-16T12:05:53.073Z] >>> [apiv2][query] POST https://www.googleapis.com/oauth2/v3/token [none]
[debug] [2025-09-16T12:05:53.073Z] >>> [apiv2][body] POST https://www.googleapis.com/oauth2/v3/token [omitted]
[debug] [2025-09-16T12:05:53.177Z] <<< [apiv2][status] POST https://www.googleapis.com/oauth2/v3/token 400
[debug] [2025-09-16T12:05:53.178Z] <<< [apiv2][body] POST https://www.googleapis.com/oauth2/v3/token [omitted]
[debug] [2025-09-16T12:05:53.179Z] Couldn't check if project ID investingup is available. Original error: FirebaseError: Failed to check if project ID is available. See firebase-debug.log for more info.
[debug] [2025-09-16T12:05:56.490Z] Checked if tokens are valid: false, expires at: 1721272648702
[debug] [2025-09-16T12:05:56.490Z] Checked if tokens are valid: false, expires at: 1721272648702
[debug] [2025-09-16T12:05:56.490Z] > refreshing access token with scopes: []
[debug] [2025-09-16T12:05:56.491Z] >>> [apiv2][query] POST https://www.googleapis.com/oauth2/v3/token [none]
[debug] [2025-09-16T12:05:56.491Z] >>> [apiv2][body] POST https://www.googleapis.com/oauth2/v3/token [omitted]
[debug] [2025-09-16T12:05:56.578Z] <<< [apiv2][status] POST https://www.googleapis.com/oauth2/v3/token 400
[debug] [2025-09-16T12:05:56.579Z] <<< [apiv2][body] POST https://www.googleapis.com/oauth2/v3/token [omitted]
[debug] [2025-09-16T12:05:56.579Z] >>> [apiv2][query] POST https://cloudresourcemanager.googleapis.com/v1/projects [none]
[debug] [2025-09-16T12:05:56.579Z] >>> [apiv2][body] POST https://cloudresourcemanager.googleapis.com/v1/projects {"projectId":"investingup","name":"investingup"}
[debug] [2025-09-16T12:05:57.511Z] <<< [apiv2][status] POST https://cloudresourcemanager.googleapis.com/v1/projects 401
[debug] [2025-09-16T12:05:57.511Z] <<< [apiv2][body] POST https://cloudresourcemanager.googleapis.com/v1/projects {"error":{"code":401,"message":"Request had invalid authentication credentials. Expected OAuth 2 access token, login cookie or other valid authentication credential. See https://developers.google.com/identity/sign-in/web/devconsole-project.","status":"UNAUTHENTICATED","details":[{"@type":"type.googleapis.com/google.rpc.ErrorInfo","reason":"ACCESS_TOKEN_TYPE_UNSUPPORTED","metadata":{"method":"google.cloudresourcemanager.v1.Projects.CreateProject","service":"cloudresourcemanager.googleapis.com"}}]}}
[debug] [2025-09-16T12:05:57.511Z] Got a 401 Unauthenticated error for a call that required authentication. Refreshing tokens.
[debug] [2025-09-16T12:05:57.511Z] Checked if tokens are valid: false, expires at: 1721272648702
[debug] [2025-09-16T12:05:57.511Z] Checked if tokens are valid: false, expires at: 1721272648702
[debug] [2025-09-16T12:05:57.511Z] > refreshing access token with scopes: []
[debug] [2025-09-16T12:05:57.512Z] >>> [apiv2][query] POST https://www.googleapis.com/oauth2/v3/token [none]
[debug] [2025-09-16T12:05:57.512Z] >>> [apiv2][body] POST https://www.googleapis.com/oauth2/v3/token [omitted]
[debug] [2025-09-16T12:05:57.599Z] <<< [apiv2][status] POST https://www.googleapis.com/oauth2/v3/token 400
[debug] [2025-09-16T12:05:57.599Z] <<< [apiv2][body] POST https://www.googleapis.com/oauth2/v3/token [omitted]
[debug] [2025-09-16T12:05:57.756Z] FirebaseError: Request to https://cloudresourcemanager.googleapis.com/v1/projects had HTTP Error: 401, Request had invalid authentication credentials. Expected OAuth 2 access token, login cookie or other valid authentication credential. See https://developers.google.com/identity/sign-in/web/devconsole-project.
    at responseToError (C:\Users\gabri\.npm-global\node_modules\firebase-tools\lib\responseToError.js:52:12)
    at RetryOperation._fn (C:\Users\gabri\.npm-global\node_modules\firebase-tools\lib\apiv2.js:312:77)
    at process.processTicksAndRejections (node:internal/process/task_queues:95:5)
[error] 
[error] Error: Failed to create project. See firebase-debug.log for more info.
[debug] [2025-09-16T12:06:48.154Z] ----------------------------------------------------------------------
[debug] [2025-09-16T12:06:48.158Z] Command:       C:\Program Files\nodejs\node.exe C:\Users\gabri\.npm-global\node_modules\firebase-tools\lib\bin\firebase.js init hosting
[debug] [2025-09-16T12:06:48.159Z] CLI Version:   14.16.0
[debug] [2025-09-16T12:06:48.159Z] Platform:      win32
[debug] [2025-09-16T12:06:48.159Z] Node Version:  v20.11.1
[debug] [2025-09-16T12:06:48.160Z] Time:          Tue Sep 16 2025 09:06:48 GMT-0300 (Horário Padrão de Brasília)
[debug] [2025-09-16T12:06:48.160Z] ----------------------------------------------------------------------
[debug] 
[debug] [2025-09-16T12:06:48.169Z] > command requires scopes: ["email","openid","https://www.googleapis.com/auth/cloudplatformprojects.readonly","https://www.googleapis.com/auth/firebase","https://www.googleapis.com/auth/cloud-platform"]
[debug] [2025-09-16T12:06:48.170Z] > authorizing via signed-in user (gabrielft33@gmail.com)
[info] 
     ######## #### ########  ######## ########     ###     ######  ########
     ##        ##  ##     ## ##       ##     ##  ##   ##  ##       ##
     ######    ##  ########  ######   ########  #########  ######  ######
     ##        ##  ##    ##  ##       ##     ## ##     ##       ## ##
     ##       #### ##     ## ######## ########  ##     ##  ######  ########

You're about to initialize a Firebase project in this directory:

  C:\Users\gabri\OneDrive\Documentos\projeto web\asset-list-app

[info] 
=== Project Setup
[info] 
[info] First, let's associate this project directory with a Firebase project.
[info] You can create multiple project aliases by running firebase use --add, 
[info] but for now we'll just set up a default project.
[info] 
[debug] [2025-09-16T12:06:52.318Z] Checked if tokens are valid: false, expires at: 1721272648702
[debug] [2025-09-16T12:06:52.319Z] Checked if tokens are valid: false, expires at: 1721272648702
[debug] [2025-09-16T12:06:52.319Z] > refreshing access token with scopes: []
[debug] [2025-09-16T12:06:52.326Z] >>> [apiv2][query] POST https://www.googleapis.com/oauth2/v3/token [none]
[debug] [2025-09-16T12:06:52.326Z] >>> [apiv2][body] POST https://www.googleapis.com/oauth2/v3/token [omitted]
[debug] [2025-09-16T12:06:52.575Z] <<< [apiv2][status] POST https://www.googleapis.com/oauth2/v3/token 400
[debug] [2025-09-16T12:06:52.575Z] <<< [apiv2][body] POST https://www.googleapis.com/oauth2/v3/token [omitted]
[debug] [2025-09-16T12:06:52.577Z] >>> [apiv2][query] GET https://firebase.googleapis.com/v1beta1/projects pageSize=100
[debug] [2025-09-16T12:06:52.745Z] <<< [apiv2][status] GET https://firebase.googleapis.com/v1beta1/projects 401
[debug] [2025-09-16T12:06:52.746Z] <<< [apiv2][body] GET https://firebase.googleapis.com/v1beta1/projects [omitted]
[debug] [2025-09-16T12:06:52.746Z] Got a 401 Unauthenticated error for a call that required authentication. Refreshing tokens.
[debug] [2025-09-16T12:06:52.746Z] Checked if tokens are valid: false, expires at: 1721272648702
[debug] [2025-09-16T12:06:52.746Z] Checked if tokens are valid: false, expires at: 1721272648702
[debug] [2025-09-16T12:06:52.746Z] > refreshing access token with scopes: []
[debug] [2025-09-16T12:06:52.747Z] >>> [apiv2][query] POST https://www.googleapis.com/oauth2/v3/token [none]
[debug] [2025-09-16T12:06:52.747Z] >>> [apiv2][body] POST https://www.googleapis.com/oauth2/v3/token [omitted]
[debug] [2025-09-16T12:06:52.830Z] <<< [apiv2][status] POST https://www.googleapis.com/oauth2/v3/token 400
[debug] [2025-09-16T12:06:52.830Z] <<< [apiv2][body] POST https://www.googleapis.com/oauth2/v3/token [omitted]
[debug] [2025-09-16T12:06:52.832Z] Request to https://firebase.googleapis.com/v1beta1/projects?pageSize=100 had HTTP Error: 401, Request had invalid authentication credentials. Expected OAuth 2 access token, login cookie or other valid authentication credential. See https://developers.google.com/identity/sign-in/web/devconsole-project.
[debug] [2025-09-16T12:06:52.988Z] FirebaseError: Request to https://firebase.googleapis.com/v1beta1/projects?pageSize=100 had HTTP Error: 401, Request had invalid authentication credentials. Expected OAuth 2 access token, login cookie or other valid authentication credential. See https://developers.google.com/identity/sign-in/web/devconsole-project.
    at responseToError (C:\Users\gabri\.npm-global\node_modules\firebase-tools\lib\responseToError.js:52:12)
    at RetryOperation._fn (C:\Users\gabri\.npm-global\node_modules\firebase-tools\lib\apiv2.js:312:77)
    at process.processTicksAndRejections (node:internal/process/task_queues:95:5)
[error] 
[error] Error: Failed to list Firebase projects. See firebase-debug.log for more info.
[debug] [2025-09-16T12:07:18.760Z] ----------------------------------------------------------------------
[debug] [2025-09-16T12:07:18.765Z] Command:       C:\Program Files\nodejs\node.exe C:\Users\gabri\.npm-global\node_modules\firebase-tools\lib\bin\firebase.js projects:create investingup
[debug] [2025-09-16T12:07:18.765Z] CLI Version:   14.16.0
[debug] [2025-09-16T12:07:18.766Z] Platform:      win32
[debug] [2025-09-16T12:07:18.766Z] Node Version:  v20.11.1
[debug] [2025-09-16T12:07:18.766Z] Time:          Tue Sep 16 2025 09:07:18 GMT-0300 (Horário Padrão de Brasília)
[debug] [2025-09-16T12:07:18.766Z] ----------------------------------------------------------------------
[debug] 
[debug] [2025-09-16T12:07:18.775Z] > command requires scopes: ["email","openid","https://www.googleapis.com/auth/cloudplatformprojects.readonly","https://www.googleapis.com/auth/firebase","https://www.googleapis.com/auth/cloud-platform"]
[debug] [2025-09-16T12:07:18.776Z] > authorizing via signed-in user (gabrielft33@gmail.com)
[debug] [2025-09-16T12:07:21.540Z] Checked if tokens are valid: false, expires at: 1721272648702
[debug] [2025-09-16T12:07:21.541Z] Checked if tokens are valid: false, expires at: 1721272648702
[debug] [2025-09-16T12:07:21.541Z] > refreshing access token with scopes: []
[debug] [2025-09-16T12:07:21.548Z] >>> [apiv2][query] POST https://www.googleapis.com/oauth2/v3/token [none]
[debug] [2025-09-16T12:07:21.549Z] >>> [apiv2][body] POST https://www.googleapis.com/oauth2/v3/token [omitted]
[debug] [2025-09-16T12:07:21.786Z] <<< [apiv2][status] POST https://www.googleapis.com/oauth2/v3/token 400
[debug] [2025-09-16T12:07:21.786Z] <<< [apiv2][body] POST https://www.googleapis.com/oauth2/v3/token [omitted]
[debug] [2025-09-16T12:07:21.787Z] >>> [apiv2][query] POST https://cloudresourcemanager.googleapis.com/v1/projects [none]
[debug] [2025-09-16T12:07:21.787Z] >>> [apiv2][body] POST https://cloudresourcemanager.googleapis.com/v1/projects {"projectId":"investingup","name":"investingup"}
[debug] [2025-09-16T12:07:22.610Z] <<< [apiv2][status] POST https://cloudresourcemanager.googleapis.com/v1/projects 401
[debug] [2025-09-16T12:07:22.610Z] <<< [apiv2][body] POST https://cloudresourcemanager.googleapis.com/v1/projects {"error":{"code":401,"message":"Request had invalid authentication credentials. Expected OAuth 2 access token, login cookie or other valid authentication credential. See https://developers.google.com/identity/sign-in/web/devconsole-project.","status":"UNAUTHENTICATED","details":[{"@type":"type.googleapis.com/google.rpc.ErrorInfo","reason":"ACCESS_TOKEN_TYPE_UNSUPPORTED","metadata":{"method":"google.cloudresourcemanager.v1.Projects.CreateProject","service":"cloudresourcemanager.googleapis.com"}}]}}
[debug] [2025-09-16T12:07:22.610Z] Got a 401 Unauthenticated error for a call that required authentication. Refreshing tokens.
[debug] [2025-09-16T12:07:22.610Z] Checked if tokens are valid: false, expires at: 1721272648702
[debug] [2025-09-16T12:07:22.610Z] Checked if tokens are valid: false, expires at: 1721272648702
[debug] [2025-09-16T12:07:22.610Z] > refreshing access token with scopes: []
[debug] [2025-09-16T12:07:22.611Z] >>> [apiv2][query] POST https://www.googleapis.com/oauth2/v3/token [none]
[debug] [2025-09-16T12:07:22.611Z] >>> [apiv2][body] POST https://www.googleapis.com/oauth2/v3/token [omitted]
[debug] [2025-09-16T12:07:22.699Z] <<< [apiv2][status] POST https://www.googleapis.com/oauth2/v3/token 400
[debug] [2025-09-16T12:07:22.699Z] <<< [apiv2][body] POST https://www.googleapis.com/oauth2/v3/token [omitted]
[debug] [2025-09-16T12:07:22.862Z] FirebaseError: Request to https://cloudresourcemanager.googleapis.com/v1/projects had HTTP Error: 401, Request had invalid authentication credentials. Expected OAuth 2 access token, login cookie or other valid authentication credential. See https://developers.google.com/identity/sign-in/web/devconsole-project.
    at responseToError (C:\Users\gabri\.npm-global\node_modules\firebase-tools\lib\responseToError.js:52:12)
    at RetryOperation._fn (C:\Users\gabri\.npm-global\node_modules\firebase-tools\lib\apiv2.js:312:77)
    at process.processTicksAndRejections (node:internal/process/task_queues:95:5)
[error] 
[error] Error: Failed to create project. See firebase-debug.log for more info.
[debug] [2025-09-16T12:07:55.787Z] ----------------------------------------------------------------------
[debug] [2025-09-16T12:07:55.791Z] Command:       C:\Program Files\nodejs\node.exe C:\Users\gabri\.npm-global\node_modules\firebase-tools\lib\bin\firebase.js projects:create investingprojectup
[debug] [2025-09-16T12:07:55.792Z] CLI Version:   14.16.0
[debug] [2025-09-16T12:07:55.792Z] Platform:      win32
[debug] [2025-09-16T12:07:55.793Z] Node Version:  v20.11.1
[debug] [2025-09-16T12:07:55.793Z] Time:          Tue Sep 16 2025 09:07:55 GMT-0300 (Horário Padrão de Brasília)
[debug] [2025-09-16T12:07:55.793Z] ----------------------------------------------------------------------
[debug] 
[debug] [2025-09-16T12:07:55.802Z] > command requires scopes: ["email","openid","https://www.googleapis.com/auth/cloudplatformprojects.readonly","https://www.googleapis.com/auth/firebase","https://www.googleapis.com/auth/cloud-platform"]
[debug] [2025-09-16T12:07:55.803Z] > authorizing via signed-in user (gabrielft33@gmail.com)
[debug] [2025-09-16T12:08:22.012Z] Checked if tokens are valid: false, expires at: 1721272648702
[debug] [2025-09-16T12:08:22.013Z] Checked if tokens are valid: false, expires at: 1721272648702
[debug] [2025-09-16T12:08:22.013Z] > refreshing access token with scopes: []
[debug] [2025-09-16T12:08:22.016Z] >>> [apiv2][query] POST https://www.googleapis.com/oauth2/v3/token [none]
[debug] [2025-09-16T12:08:22.016Z] >>> [apiv2][body] POST https://www.googleapis.com/oauth2/v3/token [omitted]
[debug] [2025-09-16T12:08:22.267Z] <<< [apiv2][status] POST https://www.googleapis.com/oauth2/v3/token 400
[debug] [2025-09-16T12:08:22.268Z] <<< [apiv2][body] POST https://www.googleapis.com/oauth2/v3/token [omitted]
[debug] [2025-09-16T12:08:22.268Z] >>> [apiv2][query] POST https://cloudresourcemanager.googleapis.com/v1/projects [none]
[debug] [2025-09-16T12:08:22.269Z] >>> [apiv2][body] POST https://cloudresourcemanager.googleapis.com/v1/projects {"projectId":"investingprojectup","name":"investingprojectup"}
[debug] [2025-09-16T12:08:23.089Z] <<< [apiv2][status] POST https://cloudresourcemanager.googleapis.com/v1/projects 401
[debug] [2025-09-16T12:08:23.089Z] <<< [apiv2][body] POST https://cloudresourcemanager.googleapis.com/v1/projects {"error":{"code":401,"message":"Request had invalid authentication credentials. Expected OAuth 2 access token, login cookie or other valid authentication credential. See https://developers.google.com/identity/sign-in/web/devconsole-project.","status":"UNAUTHENTICATED","details":[{"@type":"type.googleapis.com/google.rpc.ErrorInfo","reason":"ACCESS_TOKEN_TYPE_UNSUPPORTED","metadata":{"service":"cloudresourcemanager.googleapis.com","method":"google.cloudresourcemanager.v1.Projects.CreateProject"}}]}}
[debug] [2025-09-16T12:08:23.089Z] Got a 401 Unauthenticated error for a call that required authentication. Refreshing tokens.
[debug] [2025-09-16T12:08:23.089Z] Checked if tokens are valid: false, expires at: 1721272648702
[debug] [2025-09-16T12:08:23.089Z] Checked if tokens are valid: false, expires at: 1721272648702
[debug] [2025-09-16T12:08:23.090Z] > refreshing access token with scopes: []
[debug] [2025-09-16T12:08:23.090Z] >>> [apiv2][query] POST https://www.googleapis.com/oauth2/v3/token [none]
[debug] [2025-09-16T12:08:23.090Z] >>> [apiv2][body] POST https://www.googleapis.com/oauth2/v3/token [omitted]
[debug] [2025-09-16T12:08:23.174Z] <<< [apiv2][status] POST https://www.googleapis.com/oauth2/v3/token 400
[debug] [2025-09-16T12:08:23.174Z] <<< [apiv2][body] POST https://www.googleapis.com/oauth2/v3/token [omitted]
[debug] [2025-09-16T12:08:23.334Z] FirebaseError: Request to https://cloudresourcemanager.googleapis.com/v1/projects had HTTP Error: 401, Request had invalid authentication credentials. Expected OAuth 2 access token, login cookie or other valid authentication credential. See https://developers.google.com/identity/sign-in/web/devconsole-project.
    at responseToError (C:\Users\gabri\.npm-global\node_modules\firebase-tools\lib\responseToError.js:52:12)
    at RetryOperation._fn (C:\Users\gabri\.npm-global\node_modules\firebase-tools\lib\apiv2.js:312:77)
    at process.processTicksAndRejections (node:internal/process/task_queues:95:5)
[error] 
[error] Error: Failed to create project. See firebase-debug.log for more info.
